SYSTEM: 2026/03/31 06:00:01 main.go:15: Запуск системы
SYSTEM: 2026/03/31 06:00:01 main.go:17: Создано хранилище
SYSTEM: 2026/03/31 06:00:01 main.go:24: Создание и загрузка календаря
SYSTEM: 2026/03/31 06:00:01 main.go:26: Начало пользовательского ввода
INFO: 2026/03/31 06:00:03 cmd.go:70: Пользовательский ввод: 
INFO: 2026/03/31 06:00:03 cmd.go:77: Неверный формат команды!
INFO: 2026/03/31 06:00:03 cmd.go:78: Введите <help> чтобы узнать доступный список команд
INFO: 2026/03/31 06:00:05 cmd.go:70: Пользовательский ввод: help
INFO: 2026/03/31 06:00:05 cmd.go:286: Полный список команд:
add - Формат: add "название события" "дата и время" "приоритет" - Добавляет событие
remove - Формат: remove "ID события" - Удаляет событие
update - Формат: update "ID события" "название события" "дата и время" "приоритет" - Изменяет событие
list - Формат: list - Показывает все добавленные события
help - Формат: help - Показывает доступный список команд
setreminder - Формат: setreminder "ID события" "сообщение" "дата и время" - Добавляет напоминание событию
deletereminder - Формат: setreminder "ID события" - Удаляет напоминание у события
log - Формат: log - Список всех логов
exit - Формат: exit - Выход из программы
INFO: 2026/03/31 06:00:07 cmd.go:70: Пользовательский ввод: list
INFO: 2026/03/31 06:00:07 calendar.go:54: Запуск фукции ShowEvents
INFO: 2026/03/31 06:00:07 validation.go:36: Запуск функции спец. вывода ошибов для пользователя
INFO: 2026/03/31 06:00:07 validation.go:68: Вывод для пользователя: Список событий пуст! Сначала нужно добавить событие
ERROR: 2026/03/31 06:00:07 cmd.go:244: Путь + описание ошибки: Список событий пуст!
SYSTEM: 2026/03/31 06:02:28 main.go:15: Запуск системы
SYSTEM: 2026/03/31 06:02:28 main.go:17: Создано хранилище
SYSTEM: 2026/03/31 06:02:28 main.go:24: Создание и загрузка календаря
SYSTEM: 2026/03/31 06:02:28 main.go:26: Начало пользовательского ввода
INFO: 2026/03/31 06:02:29 cmd.go:70: Пользовательский ввод: list
INFO: 2026/03/31 06:02:29 calendar.go:55: Запуск фукции ShowEvents
INFO: 2026/03/31 06:02:29 validation.go:36: Запуск функции спец. вывода ошибов для пользователя
INFO: 2026/03/31 06:02:29 validation.go:68: Вывод для пользователя: Список событий пуст! Сначала нужно добавить событие
ERROR: 2026/03/31 06:02:29 cmd.go:244: Путь + описание ошибки: calendar.go/ShowEvents: Список событий пуст!
INFO: 2026/03/31 06:02:43 cmd.go:70: Пользовательский ввод: help
INFO: 2026/03/31 06:02:43 cmd.go:286: Полный список команд:
add - Формат: add "название события" "дата и время" "приоритет" - Добавляет событие
remove - Формат: remove "ID события" - Удаляет событие
update - Формат: update "ID события" "название события" "дата и время" "приоритет" - Изменяет событие
list - Формат: list - Показывает все добавленные события
help - Формат: help - Показывает доступный список команд
setreminder - Формат: setreminder "ID события" "сообщение" "дата и время" - Добавляет напоминание событию
deletereminder - Формат: setreminder "ID события" - Удаляет напоминание у события
log - Формат: log - Список всех логов
exit - Формат: exit - Выход из программы
INFO: 2026/03/31 06:02:49 cmd.go:70: Пользовательский ввод: add "название события" "дата и время" "приоритет"
INFO: 2026/03/31 06:02:49 calendar.go:40: Запуск фукции AddEvent
INFO: 2026/03/31 06:02:49 events.go:29: Создание нового ивента через NewEvent
INFO: 2026/03/31 06:02:49 validation.go:36: Запуск функции спец. вывода ошибов для пользователя
INFO: 2026/03/31 06:02:49 validation.go:55: Вывод для пользователя: Неверный формат даты! Дата должна удовлетворять формату: год(полностью)-месяц-день часы:минуты
ERROR: 2026/03/31 06:02:49 cmd.go:112: Путь + описание ошибки: events/events.go/NewEvent: Неверный формат даты!
INFO: 2026/03/31 06:03:07 cmd.go:70: Пользовательский ввод: add "название события" "2026-03-31 12:00" "приоритет"
INFO: 2026/03/31 06:03:07 calendar.go:40: Запуск фукции AddEvent
INFO: 2026/03/31 06:03:07 events.go:29: Создание нового ивента через NewEvent
INFO: 2026/03/31 06:03:07 validation.go:36: Запуск функции спец. вывода ошибов для пользователя
INFO: 2026/03/31 06:03:07 validation.go:84: Вывод для пользователя: Задан неверный приоритет! Доступны: low/medium/high
ERROR: 2026/03/31 06:03:07 cmd.go:112: Путь + описание ошибки: events/events.go/NewEvent: events/priority.go/Validate: Задан неверный приоритет!
INFO: 2026/03/31 06:03:13 cmd.go:70: Пользовательский ввод: add "название события" "2026-03-31 12:00" "low"
INFO: 2026/03/31 06:03:13 calendar.go:40: Запуск фукции AddEvent
INFO: 2026/03/31 06:03:13 events.go:29: Создание нового ивента через NewEvent
INFO: 2026/03/31 06:03:13 cmd.go:117: Событие успешно добавлено!-title:название событияdate:2026-03-31 12:00priority:low
INFO: 2026/03/31 06:03:15 cmd.go:70: Пользовательский ввод: list
INFO: 2026/03/31 06:03:15 calendar.go:55: Запуск фукции ShowEvents
INFO: 2026/03/31 06:03:18 cmd.go:70: Пользовательский ввод: help
INFO: 2026/03/31 06:03:18 cmd.go:286: Полный список команд:
add - Формат: add "название события" "дата и время" "приоритет" - Добавляет событие
remove - Формат: remove "ID события" - Удаляет событие
update - Формат: update "ID события" "название события" "дата и время" "приоритет" - Изменяет событие
list - Формат: list - Показывает все добавленные события
help - Формат: help - Показывает доступный список команд
setreminder - Формат: setreminder "ID события" "сообщение" "дата и время" - Добавляет напоминание событию
deletereminder - Формат: setreminder "ID события" - Удаляет напоминание у события
log - Формат: log - Список всех логов
exit - Формат: exit - Выход из программы
INFO: 2026/03/31 06:03:20 cmd.go:70: Пользовательский ввод: log
INFO: 2026/03/31 06:03:20 log.go:38: Запуск фукции ShowLogs
INFO: 2026/03/31 06:03:26 cmd.go:70: Пользовательский ввод: setreminder
INFO: 2026/03/31 06:03:26 cmd.go:184: Неверный формат команды!
INFO: 2026/03/31 06:03:26 cmd.go:185: Формат: setreminder "ID события" "сообщение" "дата и время"
INFO: 2026/03/31 06:03:46 cmd.go:70: Пользовательский ввод: setreminder "bd7906aa-b87f-41e9-a203-646c9f01de90" "сообщение" "дата и время"
INFO: 2026/03/31 06:03:46 calendar.go:136: Запуск фукции SetEventReminder
INFO: 2026/03/31 06:03:46 validation.go:36: Запуск функции спец. вывода ошибов для пользователя
INFO: 2026/03/31 06:03:46 validation.go:55: Вывод для пользователя: Неверный формат даты! Дата должна удовлетворять формату: год(полностью)-месяц-день часы:минуты
ERROR: 2026/03/31 06:03:46 cmd.go:195: Путь + описание ошибки: calendar.go/SetEventReminder: Неверный формат даты!
INFO: 2026/03/31 06:03:58 cmd.go:70: Пользовательский ввод: setreminder "bd7906aa-b87f-41e9-a203-646c9f01de90" "сообщение" "2026-03-31 6:04"
INFO: 2026/03/31 06:03:58 calendar.go:136: Запуск фукции SetEventReminder
INFO: 2026/03/31 06:03:58 events.go:61: Запуск фукции AddReminder
INFO: 2026/03/31 06:03:58 reminder.go:47: Запуск фукции Start
INFO: 2026/03/31 06:03:58 cmd.go:201: Напоминание успешно добавлено! - ID: bd7906aa-b87f-41e9-a203-646c9f01de90 Message: сообщение DateStr: 2026-03-31 6:04
INFO: 2026/03/31 06:04:00 reminder.go:32: Запуск фукции Send
INFO: 2026/03/31 06:04:00 reminder.go:36: Чтение напоминания из канала
INFO: 2026/03/31 06:04:00 cmd.go:357: Напоминание:сообщение
INFO: 2026/03/31 06:04:01 cmd.go:70: Пользовательский ввод: list
INFO: 2026/03/31 06:04:01 calendar.go:55: Запуск фукции ShowEvents
INFO: 2026/03/31 06:05:36 cmd.go:70: Пользовательский ввод: list
INFO: 2026/03/31 06:05:36 calendar.go:55: Запуск фукции ShowEvents
INFO: 2026/03/31 06:05:44 cmd.go:70: Пользовательский ввод: deletereminder
INFO: 2026/03/31 06:05:44 cmd.go:211: Неверный формат команды!
INFO: 2026/03/31 06:05:44 cmd.go:212: Формат: setreminder "ID события"
INFO: 2026/03/31 06:05:49 cmd.go:70: Пользовательский ввод: deletereminder "1"
INFO: 2026/03/31 06:05:49 calendar.go:159: Запуск фукции DeleteEventReminder
INFO: 2026/03/31 06:05:49 validation.go:36: Запуск функции спец. вывода ошибов для пользователя
INFO: 2026/03/31 06:05:49 validation.go:64: Вывод для пользователя: События с таким ID не существует!
ERROR: 2026/03/31 06:05:49 cmd.go:220: Путь + описание ошибки: calendar.go/DeleteEventReminder: События с таким ID не существует!
INFO: 2026/03/31 06:05:56 cmd.go:70: Пользовательский ввод: deletereminder "bd7906aa-b87f-41e9-a203-646c9f01de90"
INFO: 2026/03/31 06:05:56 calendar.go:159: Запуск фукции DeleteEventReminder
INFO: 2026/03/31 06:05:56 events.go:71: Запуск фукции RemoveReminder
INFO: 2026/03/31 06:05:56 reminder.go:42: Запуск фукции Stop
INFO: 2026/03/31 06:05:56 cmd.go:226: Напоминание успешно удалено!-ID:bd7906aa-b87f-41e9-a203-646c9f01de90
INFO: 2026/03/31 06:06:00 cmd.go:70: Пользовательский ввод: list
INFO: 2026/03/31 06:06:00 calendar.go:55: Запуск фукции ShowEvents
INFO: 2026/03/31 06:07:05 cmd.go:70: Пользовательский ввод: add
INFO: 2026/03/31 06:07:05 cmd.go:101: Неверный формат команды!
INFO: 2026/03/31 06:07:05 cmd.go:102: Формат: add "название события" "дата и время" "приоритет"
INFO: 2026/03/31 06:07:47 cmd.go:70: Пользовательский ввод: add "С первым апреля!" "2026-04-01" "high"
INFO: 2026/03/31 06:07:47 calendar.go:40: Запуск фукции AddEvent
INFO: 2026/03/31 06:07:47 events.go:29: Создание нового ивента через NewEvent
INFO: 2026/03/31 06:07:47 validation.go:36: Запуск функции спец. вывода ошибов для пользователя
INFO: 2026/03/31 06:07:47 validation.go:43: Вывод для пользователя: Заголовок введён некорректно! Заголовок должен быть длиной от 3 до 200 символов (вместе с пробелами, точками, запятыми)
ERROR: 2026/03/31 06:07:47 cmd.go:112: Путь + описание ошибки: events/events.go/NewEvent: Заголовок введён некорректно!
INFO: 2026/03/31 06:07:52 cmd.go:70: Пользовательский ввод: add "С первым апреля" "2026-04-01" "high"
INFO: 2026/03/31 06:07:52 calendar.go:40: Запуск фукции AddEvent
INFO: 2026/03/31 06:07:52 events.go:29: Создание нового ивента через NewEvent
INFO: 2026/03/31 06:07:52 cmd.go:117: Событие успешно добавлено!-title:С первым апреляdate:2026-04-01priority:high
INFO: 2026/03/31 06:07:56 cmd.go:70: Пользовательский ввод: дшые
INFO: 2026/03/31 06:07:56 cmd.go:332: Неизвестная команда:дшые
INFO: 2026/03/31 06:07:56 cmd.go:333: Введите <help> чтобы узнать доступный список команд
INFO: 2026/03/31 06:07:58 cmd.go:70: Пользовательский ввод: list
INFO: 2026/03/31 06:07:58 calendar.go:55: Запуск фукции ShowEvents
INFO: 2026/03/31 06:08:04 cmd.go:70: Пользовательский ввод: remove
INFO: 2026/03/31 06:08:04 cmd.go:127: Неверный формат команды!
INFO: 2026/03/31 06:08:04 cmd.go:128: Формат: remove "ID события"
INFO: 2026/03/31 06:08:07 cmd.go:70: Пользовательский ввод: remove "1"
INFO: 2026/03/31 06:08:07 calendar.go:85: Запуск фукции DeleteEvent
INFO: 2026/03/31 06:08:07 validation.go:36: Запуск функции спец. вывода ошибов для пользователя
INFO: 2026/03/31 06:08:07 validation.go:64: Вывод для пользователя: События с таким ID не существует!
ERROR: 2026/03/31 06:08:07 cmd.go:136: Путь + описание ошибки: calendar.go/DeleteEvent: События с таким ID не существует!
INFO: 2026/03/31 06:08:18 cmd.go:70: Пользовательский ввод: remove "bd7906aa-b87f-41e9-a203-646c9f01de90"
INFO: 2026/03/31 06:08:18 calendar.go:85: Запуск фукции DeleteEvent
INFO: 2026/03/31 06:08:18 cmd.go:142: Событие успешно удалено!-ID:bd7906aa-b87f-41e9-a203-646c9f01de90
INFO: 2026/03/31 06:08:20 cmd.go:70: Пользовательский ввод: list
INFO: 2026/03/31 06:08:20 calendar.go:55: Запуск фукции ShowEvents
INFO: 2026/03/31 06:08:28 cmd.go:70: Пользовательский ввод: EXIT
INFO: 2026/03/31 06:08:28 cmd.go:311: Запуск фукции Save перед завершением программы
SYSTEM: 2026/03/31 06:08:28 cmd.go:323: Работа с приложением завершена
